<?xml version="1.0" encoding="UTF-8"?>
<testsuite name="com.oocl.PokerTest" tests="1" skipped="0" failures="0" errors="0" timestamp="2020-08-26T06:54:36" hostname="ZHA-ITA043-W10" time="0.003">
  <properties/>
  <testcase name="should_return_player1_when_compare_given_player1_5D8C9SJSAC_player2_2C5C7D8SQH" classname="com.oocl.PokerTest" time="0.003"/>
  <system-out><![CDATA[]]></system-out>
  <system-err><![CDATA[]]></system-err>
</testsuite>
